
> vibe-generated-app@1.0.0 dev
> vite


  VITE v5.4.20  ready in 469 ms

  ➜  Local:   http://localhost:3000/
  ➜  Network: http://172.20.7.133:3000/
6:29:25 PM [vite] Pre-transform error: Transform failed with 1 error:
/home/workspace/src/components/HowItWorks.jsx:59:60: ERROR: Expected identifier but found "1"
6:29:26 PM [vite] Internal server error: Transform failed with 1 error:
/home/workspace/src/components/HowItWorks.jsx:59:60: ERROR: Expected identifier but found "1"
  Plugin: vite:esbuild
  File: /home/workspace/src/components/HowItWorks.jsx:59:60
  
  Expected identifier but found "1"
  57 |                  </div>
  58 |                  <div className="rounded-lg border border-white/10 bg-white/5 p-3">
  59 |                    <div className="text-white font-medium">< 120ms</div>
     |                                                              ^
  60 |                    Retrieval
  61 |                  </div>
  
      at failureErrorWithLog (/home/workspace/node_modules/esbuild/lib/main.js:1472:15)
      at /home/workspace/node_modules/esbuild/lib/main.js:755:50
      at responseCallbacks.<computed> (/home/workspace/node_modules/esbuild/lib/main.js:622:9)
      at handleIncomingPacket (/home/workspace/node_modules/esbuild/lib/main.js:677:12)
      at Socket.readFromStdout (/home/workspace/node_modules/esbuild/lib/main.js:600:7)
      at Socket.emit (node:events:508:28)
      at addChunk (node:internal/streams/readable:559:12)
      at readableAddChunkPushByteMode (node:internal/streams/readable:510:3)
      at Readable.push (node:internal/streams/readable:390:5)
      at Pipe.onStreamRead (node:internal/stream_base_commons:189:23)
6:29:27 PM [vite] ✨ new dependencies optimized: lucide-react, @splinetool/react-spline
6:29:27 PM [vite] ✨ optimized dependencies changed. reloading
6:29:27 PM [vite] Pre-transform error: Transform failed with 1 error:
/home/workspace/src/components/HowItWorks.jsx:59:60: ERROR: Expected identifier but found "1"
6:29:27 PM [vite] Internal server error: Transform failed with 1 error:
/home/workspace/src/components/HowItWorks.jsx:59:60: ERROR: Expected identifier but found "1"
  Plugin: vite:esbuild
  File: /home/workspace/src/components/HowItWorks.jsx:59:60
  
  Expected identifier but found "1"
  57 |                  </div>
  58 |                  <div className="rounded-lg border border-white/10 bg-white/5 p-3">
  59 |                    <div className="text-white font-medium">< 120ms</div>
     |                                                              ^
  60 |                    Retrieval
  61 |                  </div>
  
      at failureErrorWithLog (/home/workspace/node_modules/esbuild/lib/main.js:1472:15)
      at /home/workspace/node_modules/esbuild/lib/main.js:755:50
      at responseCallbacks.<computed> (/home/workspace/node_modules/esbuild/lib/main.js:622:9)
      at handleIncomingPacket (/home/workspace/node_modules/esbuild/lib/main.js:677:12)
      at Socket.readFromStdout (/home/workspace/node_modules/esbuild/lib/main.js:600:7)
      at Socket.emit (node:events:508:28)
      at addChunk (node:internal/streams/readable:559:12)
      at readableAddChunkPushByteMode (node:internal/streams/readable:510:3)
      at Readable.push (node:internal/streams/readable:390:5)
      at Pipe.onStreamRead (node:internal/stream_base_commons:189:23)
6:29:41 PM [vite] Internal server error: Transform failed with 1 error:
/home/workspace/src/components/HowItWorks.jsx:59:60: ERROR: Expected identifier but found "1"
  Plugin: vite:esbuild
  File: /home/workspace/src/components/HowItWorks.jsx:59:60
  
  Expected identifier but found "1"
  57 |                  </div>
  58 |                  <div className="rounded-lg border border-white/10 bg-white/5 p-3">
  59 |                    <div className="text-white font-medium">< 120ms</div>
     |                                                              ^
  60 |                    Retrieval
  61 |                  </div>
  
      at failureErrorWithLog (/home/workspace/node_modules/esbuild/lib/main.js:1472:15)
      at /home/workspace/node_modules/esbuild/lib/main.js:755:50
      at responseCallbacks.<computed> (/home/workspace/node_modules/esbuild/lib/main.js:622:9)
      at handleIncomingPacket (/home/workspace/node_modules/esbuild/lib/main.js:677:12)
      at Socket.readFromStdout (/home/workspace/node_modules/esbuild/lib/main.js:600:7)
      at Socket.emit (node:events:508:28)
      at addChunk (node:internal/streams/readable:559:12)
      at readableAddChunkPushByteMode (node:internal/streams/readable:510:3)
      at Readable.push (node:internal/streams/readable:390:5)
      at Pipe.onStreamRead (node:internal/stream_base_commons:189:23)
6:29:54 PM [vite] Internal server error: Transform failed with 1 error:
/home/workspace/src/components/HowItWorks.jsx:59:60: ERROR: Expected identifier but found "1"
  Plugin: vite:esbuild
  File: /home/workspace/src/components/HowItWorks.jsx:59:60
  
  Expected identifier but found "1"
  57 |                  </div>
  58 |                  <div className="rounded-lg border border-white/10 bg-white/5 p-3">
  59 |                    <div className="text-white font-medium">< 120ms</div>
     |                                                              ^
  60 |                    Retrieval
  61 |                  </div>
  
      at failureErrorWithLog (/home/workspace/node_modules/esbuild/lib/main.js:1472:15)
      at /home/workspace/node_modules/esbuild/lib/main.js:755:50
      at responseCallbacks.<computed> (/home/workspace/node_modules/esbuild/lib/main.js:622:9)
      at handleIncomingPacket (/home/workspace/node_modules/esbuild/lib/main.js:677:12)
      at Socket.readFromStdout (/home/workspace/node_modules/esbuild/lib/main.js:600:7)
      at Socket.emit (node:events:508:28)
      at addChunk (node:internal/streams/readable:559:12)
      at readableAddChunkPushByteMode (node:internal/streams/readable:510:3)
      at Readable.push (node:internal/streams/readable:390:5)
      at Pipe.onStreamRead (node:internal/stream_base_commons:189:23)
6:29:55 PM [vite] Internal server error: Transform failed with 1 error:
/home/workspace/src/components/HowItWorks.jsx:59:60: ERROR: Expected identifier but found "1"
  Plugin: vite:esbuild
  File: /home/workspace/src/components/HowItWorks.jsx:59:60
  
  Expected identifier but found "1"
  57 |                  </div>
  58 |                  <div className="rounded-lg border border-white/10 bg-white/5 p-3">
  59 |                    <div className="text-white font-medium">< 120ms</div>
     |                                                              ^
  60 |                    Retrieval
  61 |                  </div>
  
      at failureErrorWithLog (/home/workspace/node_modules/esbuild/lib/main.js:1472:15)
      at /home/workspace/node_modules/esbuild/lib/main.js:755:50
      at responseCallbacks.<computed> (/home/workspace/node_modules/esbuild/lib/main.js:622:9)
      at handleIncomingPacket (/home/workspace/node_modules/esbuild/lib/main.js:677:12)
      at Socket.readFromStdout (/home/workspace/node_modules/esbuild/lib/main.js:600:7)
      at Socket.emit (node:events:508:28)
      at addChunk (node:internal/streams/readable:559:12)
      at readableAddChunkPushByteMode (node:internal/streams/readable:510:3)
      at Readable.push (node:internal/streams/readable:390:5)
      at Pipe.onStreamRead (node:internal/stream_base_commons:189:23)
